<?xml version="1.0" encoding="UTF-8"?>
<!-- Generated by org.testng.reporters.JUnitReportReporter -->
<testsuite hostname="brahma-PC" name="testNGBasics.TestAnnot1" tests="2" failures="0" timestamp="26 Apr 2021 21:07:51 GMT" time="0.024" errors="0">
  <testcase name="OpenBrowser" time="0.004" classname="testNGBasics.TestAnnot1"/>
  <testcase name="Flightbooking" time="0.020" classname="testNGBasics.TestAnnot1"/>
</testsuite> <!-- testNGBasics.TestAnnot1 -->
