<?xml version="1.0" encoding="UTF-8"?>
<!-- Generated by org.testng.reporters.JUnitReportReporter -->
<testsuite hostname="brahma-PC" name="testNGBasics.BeforeMethodAndBeforeTestBasics1" tests="2" failures="0" timestamp="26 Apr 2021 21:21:12 GMT" time="0.015" errors="0">
  <testcase name="Test1" time="0.010" classname="testNGBasics.BeforeMethodAndBeforeTestBasics1"/>
  <testcase name="Test2" time="0.005" classname="testNGBasics.BeforeMethodAndBeforeTestBasics1"/>
</testsuite> <!-- testNGBasics.BeforeMethodAndBeforeTestBasics1 -->
