<?xml version="1.0" encoding="UTF-8"?>
<!-- Generated by org.testng.reporters.JUnitReportReporter -->
<testsuite hostname="brahma-PC" name="testNGBasics.BeforeTestBasics1" tests="2" failures="0" timestamp="26 Apr 2021 21:12:51 GMT" time="0.016" errors="0">
  <testcase name="Test1" time="0.011" classname="testNGBasics.BeforeTestBasics1"/>
  <testcase name="Test2" time="0.005" classname="testNGBasics.BeforeTestBasics1"/>
</testsuite> <!-- testNGBasics.BeforeTestBasics1 -->
