<?xml version="1.0" encoding="UTF-8"?>
<!-- Generated by org.testng.reporters.JUnitReportReporter -->
<testsuite hostname="brahma-PC" name="testNGBasics.reporterBasics" tests="1" failures="0" timestamp="27 Apr 2021 18:50:52 GMT" time="0.147" errors="0">
  <testcase name="Test1" time="0.147" classname="testNGBasics.reporterBasics"/>
</testsuite> <!-- testNGBasics.reporterBasics -->
