<?xml version="1.0" encoding="UTF-8"?>
<!-- Generated by org.testng.reporters.JUnitReportReporter -->
<testsuite hostname="brahma-PC" failures="0" tests="6" name="BookingProject.BookingSearch" time="0.067" errors="0" timestamp="2021-09-09T01:34:54 IST" skipped="0">
  <testcase classname="BookingProject.BookingSearch" name="searchHotel" time="0.040"/>
  <testcase classname="BookingProject.BookingSearch" name="selectHotel" time="0.002"/>
  <testcase classname="BookingProject.BookingSearch" name="enterGuestInfo" time="0.005"/>
  <testcase classname="BookingProject.BookingSearch" name="selectHotel" time="0.009"/>
  <testcase classname="BookingProject.BookingSearch" name="searchHotel" time="0.002"/>
  <testcase classname="BookingProject.BookingSearch" name="enterGuestInfo" time="0.009"/>
</testsuite> <!-- BookingProject.BookingSearch -->
