<?xml version="1.0" encoding="UTF-8"?>
<!-- Generated by org.testng.reporters.JUnitReportReporter -->
<testsuite hostname="brahma-PC" failures="0" tests="1" name="testcases.CreatePortfolioTest" time="69.124" errors="0" timestamp="6 Sep 2021 20:26:02 GMT">
  <testcase classname="testcases.CreatePortfolioTest" name="createPortFolioTest" time="69.124"/>
</testsuite> <!-- testcases.CreatePortfolioTest -->
