<?xml version="1.0" encoding="UTF-8"?>
<!-- Generated by org.testng.reporters.JUnitReportReporter -->
<testsuite hostname="brahma-PC" name="testNGBasics.invocationCntbasics1" tests="3" failures="0" timestamp="27 Apr 2021 19:55:14 GMT" time="0.194" errors="0">
  <testcase name="Test1" time="0.022" classname="testNGBasics.invocationCntbasics1"/>
  <testcase name="Test1" time="0.141" classname="testNGBasics.invocationCntbasics1"/>
  <testcase name="Test1" time="0.031" classname="testNGBasics.invocationCntbasics1"/>
</testsuite> <!-- testNGBasics.invocationCntbasics1 -->
