<?xml version="1.0" encoding="UTF-8"?>
<!-- Generated by org.testng.reporters.JUnitReportReporter -->
<testsuite hostname="brahma-PC" failures="0" tests="4" name="BookingProject.PaymentManager" time="0.025" errors="0" timestamp="2021-09-09T01:34:54 IST" skipped="0">
  <testcase classname="BookingProject.PaymentManager" name="applyDiscount" time="0.004"/>
  <testcase classname="BookingProject.PaymentManager" name="applyDiscount" time="0.008"/>
  <testcase classname="BookingProject.PaymentManager" name="makePayment" time="0.002"/>
  <testcase classname="BookingProject.PaymentManager" name="makePayment" time="0.011"/>
</testsuite> <!-- BookingProject.PaymentManager -->
