<?xml version="1.0" encoding="UTF-8"?>
<!-- Generated by org.testng.reporters.JUnitReportReporter -->
<testsuite hostname="brahma-PC" failures="0" tests="2" name="testNGBasics.BeforeMethodBasics1" time="0.042" errors="0" timestamp="1 Sep 2021 19:00:50 GMT">
  <testcase classname="testNGBasics.BeforeMethodBasics1" name="Test1" time="0.037"/>
  <testcase classname="testNGBasics.BeforeMethodBasics1" name="Test2" time="0.005"/>
</testsuite> <!-- testNGBasics.BeforeMethodBasics1 -->
