<?xml version="1.0" encoding="UTF-8"?>
<!-- Generated by org.testng.reporters.JUnitReportReporter -->
<testsuite hostname="brahma-PC" failures="0" tests="2" name="BookingProject.CustomerCommunications" time="0.013" errors="0" timestamp="2021-09-09T01:34:54 IST" skipped="0">
  <testcase classname="BookingProject.CustomerCommunications" name="checkMail" time="0.002"/>
  <testcase classname="BookingProject.CustomerCommunications" name="checkMail" time="0.011"/>
</testsuite> <!-- BookingProject.CustomerCommunications -->
